<?xml version="1.0" encoding="utf-8"?><testsuites name="pytest tests"><testsuite name="pytest" errors="0" failures="1" skipped="0" tests="17" time="0.251" timestamp="2026-08-11T14:39:43.171944+00:00" hostname="agent-env-eed8bbe1-d54b-470f-a38b-8ac9f5faa267"><testcase classname="tests.test_webstories_static.TestRobots" name="test_http_200" time="0.004" /><testcase classname="tests.test_webstories_static.TestRobots" name="test_allows_web_stories" time="0.003" /><testcase classname="tests.test_webstories_static.TestRobots" name="test_no_bad_patterns" time="0.002" /><testcase classname="tests.test_webstories_static.TestRobots" name="test_has_sitemap_line" time="0.003" /><testcase classname="tests.test_webstories_static.TestSitemap" name="test_valid_xml_and_contents" time="0.006" /><testcase classname="tests.test_webstories_static.TestWebStoriesLanding" name="test_page_200_and_content" time="0.032" /><testcase classname="tests.test_webstories_static.TestAmpStory" name="test_amp_story_structure" time="0.003" /><testcase classname="tests.test_webstories_static.TestAmpStory" name="test_amp_img_and_captions_per_slide" time="0.002" /><testcase classname="tests.test_webstories_static.TestAmpStory" name="test_fonts_and_ldjson_and_canonical" time="0.013"><failure message="assert None&#10; +  where None = &lt;function search at 0xfcf6ff79ec00&gt;('&lt;link[^&gt;]+rel=&quot;canonical&quot;[^&gt;]+href=&quot;https://aitoolsnova\\.com/web-stories/&quot;', '&lt;!doctype html&gt;\n&lt;html amp lang=&quot;en&quot;&gt;\n&lt;head&gt;\n  &lt;meta charset=&quot;utf-8&quot;&gt;\n  &lt;script async src=&quot;https://cdn.ampproject.org/v0.js&quot;&gt;&lt;/script&gt;\n  &lt;script async custom-element=&quot;amp-story&quot; src=&quot;https://cdn.ampproject.org/v0/amp-story-1.0.js&quot;&gt;&lt;/script&gt;\n  &lt;title&gt;5 Free AI Tools That Will Blow Your Mind in 2026&lt;/title&gt;\n  &lt;meta name=&quot;description&quot; content=&quot;Discover 5 completely free AI tools that will supercharge your productivity in 2026. No signup, no limits, 100% free.&quot;&gt;\n  &lt;meta name=&quot;viewport&quot; content=&quot;width=device-width,minimum-scale=1,initial-scale=1&quot;&gt;\n  &lt;link rel=&quot;canonical&quot; href=&quot;https://aitoolsnova.com/web-stories/5-free-ai-tools-2026-hd.html&quot;&gt;\n  &lt;link rel=&quot;preconnect&quot; href=&quot;https://fonts.googleapis.com&quot;&gt;\n  &lt;link rel=&quot;preconnect&quot; href=&quot;https://fonts.gstatic.com&quot; crossorigin&gt;\n  &lt;link href=&quot;https://fonts.googleapis.com/css2?family=Playfair+Display:wght@700;900&amp;family=Poppins:wght@400;500;700;900&amp;display=swap&quot; rel=&quot;stylesheet&quot;&gt;\n  &lt;style amp-boilerplate&gt;body{-webkit-animation:-amp-start 8s steps(1,end) 0s 1 normal both;-moz-animation:-amp-start 8s steps(1,end) 0s 1 normal both;animation:-amp-start 8s steps(1,end) 0s 1 normal both}@-webkit-keyframes -amp-start{from{visibility:hi.../amp-story-grid-layer&gt;\n    &lt;/amp-story-page&gt;\n\n    &lt;!-- CTA --&gt;\n    &lt;amp-story-page id=&quot;cta&quot;&gt;\n      &lt;amp-story-grid-layer template=&quot;fill&quot;&gt;\n        &lt;amp-img src=&quot;https://image.pollinations.ai/prompt/futuristic%20glowing%20dashboard%20of%20AI%20tools%2C%20neon%20lights%2C%20cinematic?width=720&amp;height=1280&amp;nologo=true&amp;enhance=true&amp;model=flux&amp;seed=9000&quot; width=&quot;720&quot; height=&quot;1280&quot; layout=&quot;responsive&quot; alt=&quot;Explore more&quot;&gt;&lt;/amp-img&gt;\n      &lt;/amp-story-grid-layer&gt;\n      &lt;amp-story-grid-layer template=&quot;fill&quot;&gt;\n        &lt;div class=&quot;scrim&quot;&gt;&lt;/div&gt;\n      &lt;/amp-story-grid-layer&gt;\n      &lt;amp-story-grid-layer template=&quot;vertical&quot;&gt;\n        &lt;div class=&quot;cta-wrap&quot;&gt;\n          &lt;h2 class=&quot;cta-title&quot;&gt;Try 100+ Free AI Tools&lt;/h2&gt;\n          &lt;p class=&quot;cta-desc&quot;&gt;Bookmark AIToolsNova for 100+ more free AI tools you can start using right now.&lt;/p&gt;\n          &lt;a class=&quot;cta-cta&quot; href=&quot;https://aitoolsnova.com/tools.html&quot;&gt;Explore Tools â\x86\x92&lt;/a&gt;\n        &lt;/div&gt;\n      &lt;/amp-story-grid-layer&gt;\n      &lt;amp-story-page-outlink layout=&quot;nodisplay&quot;&gt;\n        &lt;a href=&quot;https://aitoolsnova.com/tools.html&quot;&gt;Explore AI Tools&lt;/a&gt;\n      &lt;/amp-story-page-outlink&gt;\n    &lt;/amp-story-page&gt;\n\n  &lt;/amp-story&gt;\n&lt;/body&gt;\n&lt;/html&gt;')&#10; +    where &lt;function search at 0xfcf6ff79ec00&gt; = re.search">E   assert None
     +  where None = &lt;function search at 0xfcf6ff79ec00&gt;('&lt;link[^&gt;]+rel="canonical"[^&gt;]+href="https://aitoolsnova\\.com/web-stories/"', '&lt;!doctype html&gt;\n&lt;html amp lang="en"&gt;\n&lt;head&gt;\n  &lt;meta charset="utf-8"&gt;\n  &lt;script async src="https://cdn.ampproject.org/v0.js"&gt;&lt;/script&gt;\n  &lt;script async custom-element="amp-story" src="https://cdn.ampproject.org/v0/amp-story-1.0.js"&gt;&lt;/script&gt;\n  &lt;title&gt;5 Free AI Tools That Will Blow Your Mind in 2026&lt;/title&gt;\n  &lt;meta name="description" content="Discover 5 completely free AI tools that will supercharge your productivity in 2026. No signup, no limits, 100% free."&gt;\n  &lt;meta name="viewport" content="width=device-width,minimum-scale=1,initial-scale=1"&gt;\n  &lt;link rel="canonical" href="https://aitoolsnova.com/web-stories/5-free-ai-tools-2026-hd.html"&gt;\n  &lt;link rel="preconnect" href="https://fonts.googleapis.com"&gt;\n  &lt;link rel="preconnect" href="https://fonts.gstatic.com" crossorigin&gt;\n  &lt;link href="https://fonts.googleapis.com/css2?family=Playfair+Display:wght@700;900&amp;family=Poppins:wght@400;500;700;900&amp;display=swap" rel="stylesheet"&gt;\n  &lt;style amp-boilerplate&gt;body{-webkit-animation:-amp-start 8s steps(1,end) 0s 1 normal both;-moz-animation:-amp-start 8s steps(1,end) 0s 1 normal both;animation:-amp-start 8s steps(1,end) 0s 1 normal both}@-webkit-keyframes -amp-start{from{visibility:hi.../amp-story-grid-layer&gt;\n    &lt;/amp-story-page&gt;\n\n    &lt;!-- CTA --&gt;\n    &lt;amp-story-page id="cta"&gt;\n      &lt;amp-story-grid-layer template="fill"&gt;\n        &lt;amp-img src="https://image.pollinations.ai/prompt/futuristic%20glowing%20dashboard%20of%20AI%20tools%2C%20neon%20lights%2C%20cinematic?width=720&amp;height=1280&amp;nologo=true&amp;enhance=true&amp;model=flux&amp;seed=9000" width="720" height="1280" layout="responsive" alt="Explore more"&gt;&lt;/amp-img&gt;\n      &lt;/amp-story-grid-layer&gt;\n      &lt;amp-story-grid-layer template="fill"&gt;\n        &lt;div class="scrim"&gt;&lt;/div&gt;\n      &lt;/amp-story-grid-layer&gt;\n      &lt;amp-story-grid-layer template="vertical"&gt;\n        &lt;div class="cta-wrap"&gt;\n          &lt;h2 class="cta-title"&gt;Try 100+ Free AI Tools&lt;/h2&gt;\n          &lt;p class="cta-desc"&gt;Bookmark AIToolsNova for 100+ more free AI tools you can start using right now.&lt;/p&gt;\n          &lt;a class="cta-cta" href="https://aitoolsnova.com/tools.html"&gt;Explore Tools â\x86\x92&lt;/a&gt;\n        &lt;/div&gt;\n      &lt;/amp-story-grid-layer&gt;\n      &lt;amp-story-page-outlink layout="nodisplay"&gt;\n        &lt;a href="https://aitoolsnova.com/tools.html"&gt;Explore AI Tools&lt;/a&gt;\n      &lt;/amp-story-page-outlink&gt;\n    &lt;/amp-story-page&gt;\n\n  &lt;/amp-story&gt;\n&lt;/body&gt;\n&lt;/html&gt;')
     +    where &lt;function search at 0xfcf6ff79ec00&gt; = re.search</failure></testcase><testcase classname="tests.test_webstories_static.TestWorkflow" name="test_daily_webstory_yaml" time="0.013" /><testcase classname="tests.test_webstories_static.TestWorkflow" name="test_daily_blog_unchanged" time="0.000" /><testcase classname="tests.test_webstories_static.TestNodeScript" name="test_node_check" time="0.021" /><testcase classname="tests.test_webstories_static.TestNodeScript" name="test_smoke" time="0.031" /><testcase classname="tests.test_webstories_static.TestNodeScript" name="test_exports" time="0.031" /><testcase classname="tests.test_webstories_static.TestBlogsPreserved" name="test_blogs_dir" time="0.000" /><testcase classname="tests.test_webstories_static.TestBlogsPreserved" name="test_blogs_html_size" time="0.000" /><testcase classname="tests.test_webstories_static.TestSeoDoc" name="test_content" time="0.000" /></testsuite></testsuites>